This is pdfTeX, Version 3.14159265-2.6-1.40.21 (TeX Live 2020/W32TeX) (preloaded format=pdflatex 2020.11.7)  14 NOV 2020 15:43
entering extended mode
 restricted \write18 enabled.
 %&-line parsing enabled.
**PLOSExample.tex
(./PLOSExample.tex
LaTeX2e <2020-10-01> patch level 2
L3 programming layer <2020-10-27> xparse <2020-03-03>
(c:/Users/Feiji McKay/AppData/Roaming/TinyTeX/texmf-dist/tex/latex/base/article
.cls
Document Class: article 2020/04/10 v1.4m Standard LaTeX document class

(c:/Users/Feiji McKay/AppData/Roaming/TinyTeX/texmf-dist/tex/latex/base/size10.
clo
File: size10.clo 2020/04/10 v1.4m Standard LaTeX file (size option)
)
\c@part=\count175
\c@section=\count176
\c@subsection=\count177
\c@subsubsection=\count178
\c@paragraph=\count179
\c@subparagraph=\count180
\c@figure=\count181
\c@table=\count182
\abovecaptionskip=\skip47
\belowcaptionskip=\skip48
\bibindent=\dimen138
)
(c:/Users/Feiji McKay/AppData/Roaming/TinyTeX/texmf-dist/tex/latex/geometry/geo
metry.sty
Package: geometry 2020/01/02 v5.9 Page Geometry

(c:/Users/Feiji McKay/AppData/Roaming/TinyTeX/texmf-dist/tex/latex/graphics/key
val.sty
Package: keyval 2014/10/28 v1.15 key=value parser (DPC)
\KV@toks@=\toks15
)
(c:/Users/Feiji McKay/AppData/Roaming/TinyTeX/texmf-dist/tex/generic/iftex/ifvt
ex.sty
Package: ifvtex 2019/10/25 v1.7 ifvtex legacy package. Use iftex instead.

(c:/Users/Feiji McKay/AppData/Roaming/TinyTeX/texmf-dist/tex/generic/iftex/ifte
x.sty
Package: iftex 2020/03/06 v1.0d TeX engine tests
))
\Gm@cnth=\count183
\Gm@cntv=\count184
\c@Gm@tempcnt=\count185
\Gm@bindingoffset=\dimen139
\Gm@wd@mp=\dimen140
\Gm@odd@mp=\dimen141
\Gm@even@mp=\dimen142
\Gm@layoutwidth=\dimen143
\Gm@layoutheight=\dimen144
\Gm@layouthoffset=\dimen145
\Gm@layoutvoffset=\dimen146
\Gm@dimlist=\toks16
)
(c:/Users/Feiji McKay/AppData/Roaming/TinyTeX/texmf-dist/tex/latex/amsmath/amsm
ath.sty
Package: amsmath 2020/09/23 v2.17i AMS math features
\@mathmargin=\skip49
For additional information on amsmath, use the `?' option.

(c:/Users/Feiji McKay/AppData/Roaming/TinyTeX/texmf-dist/tex/latex/amsmath/amst
ext.sty
Package: amstext 2000/06/29 v2.01 AMS text

(c:/Users/Feiji McKay/AppData/Roaming/TinyTeX/texmf-dist/tex/latex/amsmath/amsg
en.sty
File: amsgen.sty 1999/11/30 v2.0 generic functions
\@emptytoks=\toks17
\ex@=\dimen147
))
(c:/Users/Feiji McKay/AppData/Roaming/TinyTeX/texmf-dist/tex/latex/amsmath/amsb
sy.sty
Package: amsbsy 1999/11/29 v1.2d Bold Symbols
\pmbraise@=\dimen148
)
(c:/Users/Feiji McKay/AppData/Roaming/TinyTeX/texmf-dist/tex/latex/amsmath/amso
pn.sty
Package: amsopn 2016/03/08 v2.02 operator names
)
\inf@bad=\count186
LaTeX Info: Redefining \frac on input line 234.
\uproot@=\count187
\leftroot@=\count188
LaTeX Info: Redefining \overline on input line 399.
\classnum@=\count189
\DOTSCASE@=\count190
LaTeX Info: Redefining \ldots on input line 496.
LaTeX Info: Redefining \dots on input line 499.
LaTeX Info: Redefining \cdots on input line 620.
\Mathstrutbox@=\box47
\strutbox@=\box48
\big@size=\dimen149
LaTeX Font Info:    Redeclaring font encoding OML on input line 743.
LaTeX Font Info:    Redeclaring font encoding OMS on input line 744.
\macc@depth=\count191
\c@MaxMatrixCols=\count192
\dotsspace@=\muskip16
\c@parentequation=\count193
\dspbrk@lvl=\count194
\tag@help=\toks18
\row@=\count195
\column@=\count196
\maxfields@=\count197
\andhelp@=\toks19
\eqnshift@=\dimen150
\alignsep@=\dimen151
\tagshift@=\dimen152
\tagwidth@=\dimen153
\totwidth@=\dimen154
\lineht@=\dimen155
\@envbody=\toks20
\multlinegap=\skip50
\multlinetaggap=\skip51
\mathdisplay@stack=\toks21
LaTeX Info: Redefining \[ on input line 2923.
LaTeX Info: Redefining \] on input line 2924.
)
(c:/Users/Feiji McKay/AppData/Roaming/TinyTeX/texmf-dist/tex/latex/amsfonts/ams
symb.sty
Package: amssymb 2013/01/14 v3.01 AMS font symbols

(c:/Users/Feiji McKay/AppData/Roaming/TinyTeX/texmf-dist/tex/latex/amsfonts/ams
fonts.sty
Package: amsfonts 2013/01/14 v3.01 Basic AMSFonts support
\symAMSa=\mathgroup4
\symAMSb=\mathgroup5
LaTeX Font Info:    Redeclaring math symbol \hbar on input line 98.
LaTeX Font Info:    Overwriting math alphabet `\mathfrak' in version `bold'
(Font)                  U/euf/m/n --> U/euf/b/n on input line 106.
))
(c:/Users/Feiji McKay/AppData/Roaming/TinyTeX/texmf-dist/tex/latex/changepage/c
hangepage.sty
Package: changepage 2009/10/20 v1.0c check page and change page layout
\c@cp@cntr=\count198
\cp@tempcnt=\count199
)
(c:/Users/Feiji McKay/AppData/Roaming/TinyTeX/texmf-dist/tex/latex/base/inputen
c.sty
Package: inputenc 2020/08/01 v1.3d Input encoding file
\inpenc@prehook=\toks22
\inpenc@posthook=\toks23

(c:/Users/Feiji McKay/AppData/Roaming/TinyTeX/texmf-dist/tex/latex/ucs/utf8x.de
f
File: utf8x.def 2004/10/17 UCS: Input encoding UTF-8
)) (c:/Users/Feiji McKay/AppData/Roaming/TinyTeX/texmf-dist/tex/latex/ucs/ucs.s
ty
Package: ucs 2013/05/11 v2.2 UCS: Unicode input support

(c:/Users/Feiji McKay/AppData/Roaming/TinyTeX/texmf-dist/tex/latex/ucs/data/uni
-global.def
File: uni-global.def 2013/05/13 UCS: Unicode global data
)
\uc@secondtry=\count266
\uc@combtoks=\toks24
\uc@combtoksb=\toks25
\uc@temptokena=\toks26
)
(c:/Users/Feiji McKay/AppData/Roaming/TinyTeX/texmf-dist/tex/latex/base/textcom
p.sty
Package: textcomp 2020/02/02 v2.0n Standard LaTeX package
)
(c:/Users/Feiji McKay/AppData/Roaming/TinyTeX/texmf-dist/tex/latex/marvosym/mar
vosym.sty
Package: marvosym 2011/07/20 v2.2 Martin Vogel's Symbols font definitions
)
(c:/Users/Feiji McKay/AppData/Roaming/TinyTeX/texmf-dist/tex/latex/hyperref/nam
eref.sty
Package: nameref 2019/09/16 v2.46 Cross-referencing by name of section

(c:/Users/Feiji McKay/AppData/Roaming/TinyTeX/texmf-dist/tex/latex/refcount/ref
count.sty
Package: refcount 2019/12/15 v3.6 Data extraction from label references (HO)

(c:/Users/Feiji McKay/AppData/Roaming/TinyTeX/texmf-dist/tex/generic/ltxcmds/lt
xcmds.sty
Package: ltxcmds 2020-05-10 v1.25 LaTeX kernel commands for general use (HO)
)
(c:/Users/Feiji McKay/AppData/Roaming/TinyTeX/texmf-dist/tex/generic/infwarerr/
infwarerr.sty
Package: infwarerr 2019/12/03 v1.5 Providing info/warning/error messages (HO)
))
(c:/Users/Feiji McKay/AppData/Roaming/TinyTeX/texmf-dist/tex/generic/gettitlest
ring/gettitlestring.sty
Package: gettitlestring 2019/12/15 v1.6 Cleanup title references (HO)

(c:/Users/Feiji McKay/AppData/Roaming/TinyTeX/texmf-dist/tex/latex/kvoptions/kv
options.sty
Package: kvoptions 2020-10-07 v3.14 Key value format for package options (HO)

(c:/Users/Feiji McKay/AppData/Roaming/TinyTeX/texmf-dist/tex/generic/kvsetkeys/
kvsetkeys.sty
Package: kvsetkeys 2019/12/15 v1.18 Key value parser (HO)
)))
\c@section@level=\count267
LaTeX Info: Redefining \ref on input line 356.
LaTeX Info: Redefining \pageref on input line 356.
)
(c:/Users/Feiji McKay/AppData/Roaming/TinyTeX/texmf-dist/tex/latex/hyperref/hyp
erref.sty
Package: hyperref 2020-05-15 v7.00e Hypertext links for LaTeX

(c:/Users/Feiji McKay/AppData/Roaming/TinyTeX/texmf-dist/tex/generic/pdftexcmds
/pdftexcmds.sty
Package: pdftexcmds 2020-06-27 v0.33 Utility functions of pdfTeX for LuaTeX (HO
)
Package pdftexcmds Info: \pdf@primitive is available.
Package pdftexcmds Info: \pdf@ifprimitive is available.
Package pdftexcmds Info: \pdfdraftmode found.
)
(c:/Users/Feiji McKay/AppData/Roaming/TinyTeX/texmf-dist/tex/generic/kvdefineke
ys/kvdefinekeys.sty
Package: kvdefinekeys 2019-12-19 v1.6 Define keys (HO)
)
(c:/Users/Feiji McKay/AppData/Roaming/TinyTeX/texmf-dist/tex/generic/pdfescape/
pdfescape.sty
Package: pdfescape 2019/12/09 v1.15 Implements pdfTeX's escape features (HO)
)
(c:/Users/Feiji McKay/AppData/Roaming/TinyTeX/texmf-dist/tex/latex/hycolor/hyco
lor.sty
Package: hycolor 2020-01-27 v1.10 Color options for hyperref/bookmark (HO)
)
(c:/Users/Feiji McKay/AppData/Roaming/TinyTeX/texmf-dist/tex/latex/letltxmacro/
letltxmacro.sty
Package: letltxmacro 2019/12/03 v1.6 Let assignment for LaTeX macros (HO)
)
(c:/Users/Feiji McKay/AppData/Roaming/TinyTeX/texmf-dist/tex/latex/auxhook/auxh
ook.sty
Package: auxhook 2019-12-17 v1.6 Hooks for auxiliary files (HO)
)
\@linkdim=\dimen156
\Hy@linkcounter=\count268
\Hy@pagecounter=\count269

(c:/Users/Feiji McKay/AppData/Roaming/TinyTeX/texmf-dist/tex/latex/hyperref/pd1
enc.def
File: pd1enc.def 2020-05-15 v7.00e Hyperref: PDFDocEncoding definition (HO)
)
(c:/Users/Feiji McKay/AppData/Roaming/TinyTeX/texmf-dist/tex/generic/intcalc/in
tcalc.sty
Package: intcalc 2019/12/15 v1.3 Expandable calculations with integers (HO)
)
(c:/Users/Feiji McKay/AppData/Roaming/TinyTeX/texmf-dist/tex/generic/etexcmds/e
texcmds.sty
Package: etexcmds 2019/12/15 v1.7 Avoid name clashes with e-TeX commands (HO)
)
\Hy@SavedSpaceFactor=\count270
Package hyperref Info: Hyper figures OFF on input line 4464.
Package hyperref Info: Link nesting OFF on input line 4469.
Package hyperref Info: Hyper index ON on input line 4472.
Package hyperref Info: Plain pages OFF on input line 4479.
Package hyperref Info: Backreferencing OFF on input line 4484.
Package hyperref Info: Implicit mode ON; LaTeX internals redefined.
Package hyperref Info: Bookmarks ON on input line 4717.
\c@Hy@tempcnt=\count271
(c:/Users/Feiji McKay/AppData/Roaming/TinyTeX/texmf-dist/tex/latex/url/url.sty
\Urlmuskip=\muskip17
Package: url 2013/09/16  ver 3.4  Verb mode for urls, etc.
)
LaTeX Info: Redefining \url on input line 5076.
\XeTeXLinkMargin=\dimen157

(c:/Users/Feiji McKay/AppData/Roaming/TinyTeX/texmf-dist/tex/generic/bitset/bit
set.sty
Package: bitset 2019/12/09 v1.3 Handle bit-vector datatype (HO)

(c:/Users/Feiji McKay/AppData/Roaming/TinyTeX/texmf-dist/tex/generic/bigintcalc
/bigintcalc.sty
Package: bigintcalc 2019/12/15 v1.5 Expandable calculations on big integers (HO
)
))
\Fld@menulength=\count272
\Field@Width=\dimen158
\Fld@charsize=\dimen159
Package hyperref Info: Hyper figures OFF on input line 6347.
Package hyperref Info: Link nesting OFF on input line 6352.
Package hyperref Info: Hyper index ON on input line 6355.
Package hyperref Info: backreferencing OFF on input line 6362.
Package hyperref Info: Link coloring OFF on input line 6367.
Package hyperref Info: Link coloring with OCG OFF on input line 6372.
Package hyperref Info: PDF/A mode OFF on input line 6377.
LaTeX Info: Redefining \ref on input line 6417.
LaTeX Info: Redefining \pageref on input line 6421.

(c:/Users/Feiji McKay/AppData/Roaming/TinyTeX/texmf-dist/tex/latex/base/atbegsh
i-ltx.sty
Package: atbegshi-ltx 2020/08/17 v1.0a Emulation of the original atbegshi packa
ge
with kernel methods
)
\Hy@abspage=\count273
\c@Item=\count274
\c@Hfootnote=\count275
)
Package hyperref Info: Driver (autodetected): hpdftex.

(c:/Users/Feiji McKay/AppData/Roaming/TinyTeX/texmf-dist/tex/latex/hyperref/hpd
ftex.def
File: hpdftex.def 2020-05-15 v7.00e Hyperref driver for pdfTeX

(c:/Users/Feiji McKay/AppData/Roaming/TinyTeX/texmf-dist/tex/latex/base/atverye
nd-ltx.sty
Package: atveryend-ltx 2020/08/19 v1.0a Emulation of the original atvery packag
e
with kernel methods
)
\Fld@listcount=\count276
\c@bookmark@seq@number=\count277

(c:/Users/Feiji McKay/AppData/Roaming/TinyTeX/texmf-dist/tex/latex/rerunfileche
ck/rerunfilecheck.sty
Package: rerunfilecheck 2019/12/05 v1.9 Rerun checks for auxiliary files (HO)

(c:/Users/Feiji McKay/AppData/Roaming/TinyTeX/texmf-dist/tex/generic/uniquecoun
ter/uniquecounter.sty
Package: uniquecounter 2019/12/15 v1.4 Provide unlimited unique counter (HO)
)
Package uniquecounter Info: New unique counter `rerunfilecheck' on input line 2
86.
)
\Hy@SectionHShift=\skip52
)
(c:/Users/Feiji McKay/AppData/Roaming/TinyTeX/texmf-dist/tex/latex/lineno/linen
o.sty
Package: lineno 2005/11/02 line numbers on paragraphs v4.41
\linenopenalty=\count278
\output=\toks27
\linenoprevgraf=\count279
\linenumbersep=\dimen160
\linenumberwidth=\dimen161
\c@linenumber=\count280
\c@pagewiselinenumber=\count281
\c@LN@truepage=\count282
\c@internallinenumber=\count283
\c@internallinenumbers=\count284
\quotelinenumbersep=\dimen162
\bframerule=\dimen163
\bframesep=\dimen164
\bframebox=\box49
LaTeX Info: Redefining \\ on input line 3056.
)
(c:/Users/Feiji McKay/AppData/Roaming/TinyTeX/texmf-dist/tex/latex/microtype/mi
crotype.sty
Package: microtype 2019/11/18 v2.7d Micro-typographical refinements (RS)
\MT@toks=\toks28
\MT@count=\count285
LaTeX Info: Redefining \textls on input line 790.
\MT@outer@kern=\dimen165
LaTeX Info: Redefining \textmicrotypecontext on input line 1354.
\MT@listname@count=\count286

(c:/Users/Feiji McKay/AppData/Roaming/TinyTeX/texmf-dist/tex/latex/microtype/mi
crotype-pdftex.def
File: microtype-pdftex.def 2019/11/18 v2.7d Definitions specific to pdftex (RS)

LaTeX Info: Redefining \lsstyle on input line 914.
LaTeX Info: Redefining \lslig on input line 914.
\MT@outer@space=\skip53
)
Package microtype Info: Loading configuration file microtype.cfg.

(c:/Users/Feiji McKay/AppData/Roaming/TinyTeX/texmf-dist/tex/latex/microtype/mi
crotype.cfg
File: microtype.cfg 2019/11/18 v2.7d microtype main configuration file (RS)
))
(c:/Users/Feiji McKay/AppData/Roaming/TinyTeX/texmf-dist/tex/latex/xcolor/xcolo
r.sty
Package: xcolor 2016/05/11 v2.12 LaTeX color extensions (UK)

(c:/Users/Feiji McKay/AppData/Roaming/TinyTeX/texmf-dist/tex/latex/graphics-cfg
/color.cfg
File: color.cfg 2016/01/02 v1.6 sample color configuration
)
Package xcolor Info: Driver file: pdftex.def on input line 225.

(c:/Users/Feiji McKay/AppData/Roaming/TinyTeX/texmf-dist/tex/latex/graphics-def
/pdftex.def
File: pdftex.def 2020/10/05 v1.2a Graphics/color driver for pdftex
)
(c:/Users/Feiji McKay/AppData/Roaming/TinyTeX/texmf-dist/tex/latex/colortbl/col
ortbl.sty
Package: colortbl 2020/01/04 v1.0e Color table columns (DPC)

(c:/Users/Feiji McKay/AppData/Roaming/TinyTeX/texmf-dist/tex/latex/tools/array.
sty
Package: array 2020/10/01 v2.5c Tabular extension package (FMi)
\col@sep=\dimen166
\ar@mcellbox=\box50
\extrarowheight=\dimen167
\NC@list=\toks29
\extratabsurround=\skip54
\backup@length=\skip55
\ar@cellbox=\box51
)
\everycr=\toks30
\minrowclearance=\skip56
)
\rownum=\count287
Package xcolor Info: Model `cmy' substituted by `cmy0' on input line 1348.
Package xcolor Info: Model `hsb' substituted by `rgb' on input line 1352.
Package xcolor Info: Model `RGB' extended on input line 1364.
Package xcolor Info: Model `HTML' substituted by `rgb' on input line 1366.
Package xcolor Info: Model `Hsb' substituted by `hsb' on input line 1367.
Package xcolor Info: Model `tHsb' substituted by `hsb' on input line 1368.
Package xcolor Info: Model `HSB' substituted by `hsb' on input line 1369.
Package xcolor Info: Model `Gray' substituted by `gray' on input line 1370.
Package xcolor Info: Model `wave' substituted by `hsb' on input line 1371.
)
\savedwidth=\skip57

(c:/Users/Feiji McKay/AppData/Roaming/TinyTeX/texmf-dist/tex/latex/caption/capt
ion.sty
Package: caption 2020/10/26 v3.5g Customizing captions (AR)

(c:/Users/Feiji McKay/AppData/Roaming/TinyTeX/texmf-dist/tex/latex/caption/capt
ion3.sty
Package: caption3 2020/10/21 v2.2e caption3 kernel (AR)
\captionmargin=\dimen168
\captionmargin@=\dimen169
\captionwidth=\dimen170
\caption@tempdima=\dimen171
\caption@indent=\dimen172
\caption@parindent=\dimen173
\caption@hangindent=\dimen174
Package caption Info: Standard document class detected.
)
\c@caption@flags=\count288
\c@continuedfloat=\count289
Package caption Info: changepage package is loaded.
\caption@adjustwidth@hsize=\dimen175
\caption@adjustwidth@linewidth=\dimen176
Package caption Info: hyperref package is loaded.
)
(c:/Users/Feiji McKay/AppData/Roaming/TinyTeX/texmf-dist/tex/latex/lastpage/las
tpage.sty
Package: lastpage 2015/03/29 v1.2m Refers to last page's name (HMM; JPG)
)
(c:/Users/Feiji McKay/AppData/Roaming/TinyTeX/texmf-dist/tex/latex/fancyhdr/fan
cyhdr.sty
Package: fancyhdr 2019/01/31 v3.10 Extensive control of page headers and footer
s
\f@nch@headwidth=\skip58
\f@nch@O@elh=\skip59
\f@nch@O@erh=\skip60
\f@nch@O@olh=\skip61
\f@nch@O@orh=\skip62
\f@nch@O@elf=\skip63
\f@nch@O@erf=\skip64
\f@nch@O@olf=\skip65
\f@nch@O@orf=\skip66
)
(c:/Users/Feiji McKay/AppData/Roaming/TinyTeX/texmf-dist/tex/latex/graphics/gra
phicx.sty
Package: graphicx 2020/09/09 v1.2b Enhanced LaTeX Graphics (DPC,SPQR)

(c:/Users/Feiji McKay/AppData/Roaming/TinyTeX/texmf-dist/tex/latex/graphics/gra
phics.sty
Package: graphics 2020/08/30 v1.4c Standard LaTeX Graphics (DPC,SPQR)

(c:/Users/Feiji McKay/AppData/Roaming/TinyTeX/texmf-dist/tex/latex/graphics/tri
g.sty
Package: trig 2016/01/03 v1.10 sin cos tan (DPC)
)
(c:/Users/Feiji McKay/AppData/Roaming/TinyTeX/texmf-dist/tex/latex/graphics-cfg
/graphics.cfg
File: graphics.cfg 2016/06/04 v1.11 sample graphics configuration
)
Package graphics Info: Driver file: pdftex.def on input line 105.
)
\Gin@req@height=\dimen177
\Gin@req@width=\dimen178
)
(c:/Users/Feiji McKay/AppData/Roaming/TinyTeX/texmf-dist/tex/latex/epstopdf-pkg
/epstopdf.sty
Package: epstopdf 2020-01-24 v2.11 Conversion with epstopdf on the fly (HO)

(c:/Users/Feiji McKay/AppData/Roaming/TinyTeX/texmf-dist/tex/latex/grfext/grfex
t.sty
Package: grfext 2019/12/03 v1.3 Manage graphics extensions (HO)
)
(c:/Users/Feiji McKay/AppData/Roaming/TinyTeX/texmf-dist/tex/latex/epstopdf-pkg
/epstopdf-base.sty
Package: epstopdf-base 2020-01-24 v2.11 Base part for package epstopdf
Package epstopdf-base Info: Redefining graphics rule for `.eps' on input line 4
85.
Package grfext Info: Graphics extension search list:
(grfext)             [.pdf,.png,.jpg,.mps,.jpeg,.jbig2,.jb2,.PDF,.PNG,.JPG,.JPE
G,.JBIG2,.JB2,.eps]
(grfext)             \AppendGraphicsExtensions on input line 504.

(c:/Users/Feiji McKay/AppData/Roaming/TinyTeX/texmf-dist/tex/latex/latexconfig/
epstopdf-sys.cfg
File: epstopdf-sys.cfg 2010/07/13 v1.3 Configuration of (r)epstopdf for TeX Liv
e
)))
(c:/Users/Feiji McKay/AppData/Roaming/TinyTeX/texmf-dist/tex/latex/forarray/for
array.sty
Package: forarray 2008/06/20 Version 1.01 -- Using array structures in LaTeX
\fe@toks=\toks31
\fe@level=\count290
\fe@cnt@i=\count291
\fe@cnt@ii=\count292
\thislevelcount=\count293
\thislevelnr=\count294
)
(c:/Users/Feiji McKay/AppData/Roaming/TinyTeX/texmf-dist/tex/generic/xstring/xs
tring.sty
(c:/Users/Feiji McKay/AppData/Roaming/TinyTeX/texmf-dist/tex/generic/xstring/xs
tring.tex
\integerpart=\count295
\decimalpart=\count296
)
Package: xstring 2019/02/06 v1.83 String manipulations (CT)
)
(c:/Users/Feiji McKay/AppData/Roaming/TinyTeX/texmf-dist/tex/latex/l3backend/l3
backend-pdftex.def
File: l3backend-pdftex.def 2020-09-24 L3 backend support: PDF output (pdfTeX)
\l__kernel_color_stack_int=\count297
\l__pdf_internal_box=\box52
)
No file PLOSExample.aux.
\openout1 = `PLOSExample.aux'.

LaTeX Font Info:    Checking defaults for OML/cmm/m/it on input line 193.
LaTeX Font Info:    ... okay on input line 193.
LaTeX Font Info:    Checking defaults for OMS/cmsy/m/n on input line 193.
LaTeX Font Info:    ... okay on input line 193.
LaTeX Font Info:    Checking defaults for OT1/cmr/m/n on input line 193.
LaTeX Font Info:    ... okay on input line 193.
LaTeX Font Info:    Checking defaults for T1/cmr/m/n on input line 193.
LaTeX Font Info:    ... okay on input line 193.
LaTeX Font Info:    Checking defaults for TS1/cmr/m/n on input line 193.
LaTeX Font Info:    ... okay on input line 193.
LaTeX Font Info:    Checking defaults for OMX/cmex/m/n on input line 193.
LaTeX Font Info:    ... okay on input line 193.
LaTeX Font Info:    Checking defaults for U/cmr/m/n on input line 193.
LaTeX Font Info:    ... okay on input line 193.
LaTeX Font Info:    Checking defaults for PD1/pdf/m/n on input line 193.
LaTeX Font Info:    ... okay on input line 193.
*geometry* driver: auto-detecting
*geometry* detected driver: pdftex
*geometry* verbose mode - [ preamble ] result:
* driver: pdftex
* paper: letterpaper
* layout: <same size as paper>
* layoutoffset:(h,v)=(0.0pt,0.0pt)
* modes: 
* h-part:(L,W,R)=(198.7425pt, 323.40732pt, 92.14519pt)
* v-part:(T,H,B)=(61.42993pt, 638.14268pt, 95.39737pt)
* \paperwidth=614.295pt
* \paperheight=794.96999pt
* \textwidth=379.4175pt
* \textheight=632.36249pt
* \oddsidemargin=126.4725pt
* \evensidemargin=126.4725pt
* \topmargin=-47.84006pt
* \headheight=12.0pt
* \headsep=25.0pt
* \topskip=10.0pt
* \footskip=54.2025pt
* \marginparwidth=65.0pt
* \marginparsep=11.0pt
* \columnsep=10.0pt
* \skip\footins=9.0pt plus 4.0pt minus 2.0pt
* \hoffset=0.0pt
* \voffset=0.0pt
* \mag=1000
* \@twocolumnfalse
* \@twosidefalse
* \@mparswitchfalse
* \@reversemarginfalse
* (1in=72.27pt=25.4mm, 1cm=28.453pt)


(c:/Users/Feiji McKay/AppData/Roaming/TinyTeX/texmf-dist/tex/latex/ucs/ucsencs.
def
File: ucsencs.def 2011/01/21 Fixes to fontencodings LGR, T3
)
Package hyperref Info: Link coloring OFF on input line 193.
LaTeX Info: Redefining \ref on input line 193.
LaTeX Info: Redefining \pageref on input line 193.
LaTeX Info: Redefining \nameref on input line 193.
\@outlinefile=\write3
\openout3 = `PLOSExample.out'.

! I can't write on file `PLOSExample.pdf'.
(Press Enter to retry, or Control-Z to exit; default file extension is `.pdf')
Please type another file name for output
! Emergency stop.
<to be read again> 
                   \edef 
l.193 \begin{document}
                       
Here is how much of TeX's memory you used:
 10858 strings out of 481433
 173809 string characters out of 5918562
 521680 words of memory out of 5000000
 27461 multiletter control sequences out of 15000+600000
 535088 words of font info for 29 fonts, out of 8000000 for 9000
 14 hyphenation exceptions out of 8191
 77i,1n,85p,311b,103s stack positions out of 5000i,500n,10000p,200000b,80000s

!  ==> Fatal error occurred, no output PDF file produced!
